Logfile initialized
[INFO] logfile = /Users/administrator/Desktop/Titanium/test/build.log
[DEBUG] /Users/administrator/Library/Application Support/Titanium/mobilesdk/osx/3.1.1.v20130615160957/android/builder.py install Zippy's /Applications/Android /Users/administrator/Desktop/Titanium/test testapp.wayne.com 6
[INFO] Titanium SDK version: 3.1.1 (06/15/13 16:09 f7592c1)
[DEBUG] Waiting for device to be ready ...
[TRACE] adb devices returned 2 devices/emulators
[DEBUG] Device connected... (waited 0 seconds)
[DEBUG] waited 0.035711 seconds on emulator to get ready
[DEBUG] testapp.wayne.com installed? False
[INFO] Copying CommonJS modules...
[INFO] Copying project resources..
[INFO] Detected change in tiapp.xml, or assets deleted. Forcing full re-build...
[TRACE] COPYING CREATED FILE: /Users/administrator/Desktop/Titanium/test/Resources/android/appicon.png => /Users/administrator/Desktop/Titanium/test/build/android/bin/assets/Resources/appicon.png
[TRACE] COPYING CREATED FILE: /Users/administrator/Desktop/Titanium/test/Resources/android/default.png => /Users/administrator/Desktop/Titanium/test/build/android/bin/assets/Resources/default.png
[TRACE] COPYING CREATED FILE: /Users/administrator/Desktop/Titanium/test/Resources/android/images/back_button.png => /Users/administrator/Desktop/Titanium/test/build/android/bin/assets/Resources/images/back_button.png
[TRACE] COPYING CREATED FILE: /Users/administrator/Desktop/Titanium/test/Resources/android/images/dailyspecials_down.png => /Users/administrator/Desktop/Titanium/test/build/android/bin/assets/Resources/images/dailyspecials_down.png
[TRACE] COPYING CREATED FILE: /Users/administrator/Desktop/Titanium/test/Resources/android/images/dailyspecials_up.png => /Users/administrator/Desktop/Titanium/test/build/android/bin/assets/Resources/images/dailyspecials_up.png
[TRACE] COPYING CREATED FILE: /Users/administrator/Desktop/Titanium/test/Resources/android/images/featured_down.png => /Users/administrator/Desktop/Titanium/test/build/android/bin/assets/Resources/images/featured_down.png
[TRACE] COPYING CREATED FILE: /Users/administrator/Desktop/Titanium/test/Resources/android/images/featured_up.png => /Users/administrator/Desktop/Titanium/test/build/android/bin/assets/Resources/images/featured_up.png
[TRACE] COPYING CREATED FILE: /Users/administrator/Desktop/Titanium/test/Resources/android/images/feedback_down.png => /Users/administrator/Desktop/Titanium/test/build/android/bin/assets/Resources/images/feedback_down.png
[TRACE] COPYING CREATED FILE: /Users/administrator/Desktop/Titanium/test/Resources/android/images/feedback_up.png => /Users/administrator/Desktop/Titanium/test/build/android/bin/assets/Resources/images/feedback_up.png
[TRACE] COPYING CREATED FILE: /Users/administrator/Desktop/Titanium/test/Resources/android/images/header_bg.png => /Users/administrator/Desktop/Titanium/test/build/android/bin/assets/Resources/images/header_bg.png
[TRACE] COPYING CREATED FILE: /Users/administrator/Desktop/Titanium/test/Resources/android/images/header_logo.png => /Users/administrator/Desktop/Titanium/test/build/android/bin/assets/Resources/images/header_logo.png
[TRACE] COPYING CREATED FILE: /Users/administrator/Desktop/Titanium/test/Resources/android/images/header_zippys.png => /Users/administrator/Desktop/Titanium/test/build/android/bin/assets/Resources/images/header_zippys.png
[TRACE] COPYING CREATED FILE: /Users/administrator/Desktop/Titanium/test/Resources/android/images/locations_down.png => /Users/administrator/Desktop/Titanium/test/build/android/bin/assets/Resources/images/locations_down.png
[TRACE] COPYING CREATED FILE: /Users/administrator/Desktop/Titanium/test/Resources/android/images/locations_up.png => /Users/administrator/Desktop/Titanium/test/build/android/bin/assets/Resources/images/locations_up.png
[TRACE] COPYING CREATED FILE: /Users/administrator/Desktop/Titanium/test/Resources/android/images/menu_logo.png => /Users/administrator/Desktop/Titanium/test/build/android/bin/assets/Resources/images/menu_logo.png
[TRACE] COPYING CREATED FILE: /Users/administrator/Desktop/Titanium/test/Resources/android/images/orderonline_down.png => /Users/administrator/Desktop/Titanium/test/build/android/bin/assets/Resources/images/orderonline_down.png
[TRACE] COPYING CREATED FILE: /Users/administrator/Desktop/Titanium/test/Resources/android/images/orderonline_up.png => /Users/administrator/Desktop/Titanium/test/build/android/bin/assets/Resources/images/orderonline_up.png
[TRACE] COPYING CREATED FILE: /Users/administrator/Desktop/Titanium/test/Resources/android/images/socialmedia_down.png => /Users/administrator/Desktop/Titanium/test/build/android/bin/assets/Resources/images/socialmedia_down.png
[TRACE] COPYING CREATED FILE: /Users/administrator/Desktop/Titanium/test/Resources/android/images/socialmedia_up.png => /Users/administrator/Desktop/Titanium/test/build/android/bin/assets/Resources/images/socialmedia_up.png
[TRACE] COPYING CREATED FILE: /Users/administrator/Desktop/Titanium/test/Resources/android/images/zippysback.png => /Users/administrator/Desktop/Titanium/test/build/android/bin/assets/Resources/images/zippysback.png
[TRACE] COPYING CREATED FILE: /Users/administrator/Desktop/Titanium/test/Resources/android/images/zippysback_bg.jpg => /Users/administrator/Desktop/Titanium/test/build/android/bin/assets/Resources/images/zippysback_bg.jpg
[TRACE] COPYING CREATED FILE: /Users/administrator/Desktop/Titanium/test/Resources/android/images/zippysmenu.png => /Users/administrator/Desktop/Titanium/test/build/android/bin/assets/Resources/images/zippysmenu.png
[TRACE] COPYING CREATED FILE: /Users/administrator/Desktop/Titanium/test/Resources/android/ui/CartWindow.js => /Users/administrator/Desktop/Titanium/test/build/android/bin/assets/Resources/ui/CartWindow.js
[TRACE] COPYING CREATED FILE: /Users/administrator/Desktop/Titanium/test/Resources/android/ui/mapview.js => /Users/administrator/Desktop/Titanium/test/build/android/bin/assets/Resources/ui/mapview.js
[TRACE] COPYING CREATED FILE: /Users/administrator/Desktop/Titanium/test/Resources/android/ui/ProductOptionsWindow.js => /Users/administrator/Desktop/Titanium/test/build/android/bin/assets/Resources/ui/ProductOptionsWindow.js
[TRACE] COPYING CREATED FILE: /Users/administrator/Desktop/Titanium/test/Resources/app.js => /Users/administrator/Desktop/Titanium/test/build/android/bin/assets/Resources/app.js
[TRACE] COPYING CREATED FILE: /Users/administrator/Desktop/Titanium/test/Resources/core/CartManager.js => /Users/administrator/Desktop/Titanium/test/build/android/bin/assets/Resources/core/CartManager.js
[TRACE] COPYING CREATED FILE: /Users/administrator/Desktop/Titanium/test/Resources/core/date.js => /Users/administrator/Desktop/Titanium/test/build/android/bin/assets/Resources/core/date.js
[TRACE] COPYING CREATED FILE: /Users/administrator/Desktop/Titanium/test/Resources/core/globals.js => /Users/administrator/Desktop/Titanium/test/build/android/bin/assets/Resources/core/globals.js
[TRACE] COPYING CREATED FILE: /Users/administrator/Desktop/Titanium/test/Resources/core/moment.js => /Users/administrator/Desktop/Titanium/test/build/android/bin/assets/Resources/core/moment.js
[TRACE] COPYING CREATED FILE: /Users/administrator/Desktop/Titanium/test/Resources/core/ProcessOrder.js => /Users/administrator/Desktop/Titanium/test/build/android/bin/assets/Resources/core/ProcessOrder.js
[TRACE] COPYING CREATED FILE: /Users/administrator/Desktop/Titanium/test/Resources/core/ProductManager.js => /Users/administrator/Desktop/Titanium/test/build/android/bin/assets/Resources/core/ProductManager.js
[TRACE] COPYING CREATED FILE: /Users/administrator/Desktop/Titanium/test/Resources/core/Util.js => /Users/administrator/Desktop/Titanium/test/build/android/bin/assets/Resources/core/Util.js
[TRACE] COPYING CREATED FILE: /Users/administrator/Desktop/Titanium/test/Resources/data/acs.js => /Users/administrator/Desktop/Titanium/test/build/android/bin/assets/Resources/data/acs.js
[TRACE] COPYING CREATED FILE: /Users/administrator/Desktop/Titanium/test/Resources/data/Config.js => /Users/administrator/Desktop/Titanium/test/build/android/bin/assets/Resources/data/Config.js
[TRACE] COPYING CREATED FILE: /Users/administrator/Desktop/Titanium/test/Resources/data/database.js => /Users/administrator/Desktop/Titanium/test/build/android/bin/assets/Resources/data/database.js
[TRACE] COPYING CREATED FILE: /Users/administrator/Desktop/Titanium/test/Resources/data/SampleProducts.js => /Users/administrator/Desktop/Titanium/test/build/android/bin/assets/Resources/data/SampleProducts.js
[TRACE] COPYING CREATED FILE: /Users/administrator/Desktop/Titanium/test/Resources/data/Zippys => /Users/administrator/Desktop/Titanium/test/build/android/bin/assets/Resources/data/Zippys
[TRACE] COPYING CREATED FILE: /Users/administrator/Desktop/Titanium/test/Resources/KS_nav_ui.png => /Users/administrator/Desktop/Titanium/test/build/android/bin/assets/Resources/KS_nav_ui.png
[TRACE] COPYING CREATED FILE: /Users/administrator/Desktop/Titanium/test/Resources/KS_nav_views.png => /Users/administrator/Desktop/Titanium/test/build/android/bin/assets/Resources/KS_nav_views.png
[TRACE] COPYING CREATED FILE: /Users/administrator/Desktop/Titanium/test/Resources/ui/CheckoutModal.js => /Users/administrator/Desktop/Titanium/test/build/android/bin/assets/Resources/ui/CheckoutModal.js
[TRACE] COPYING CREATED FILE: /Users/administrator/Desktop/Titanium/test/Resources/ui/dailyspecials.js => /Users/administrator/Desktop/Titanium/test/build/android/bin/assets/Resources/ui/dailyspecials.js
[TRACE] COPYING CREATED FILE: /Users/administrator/Desktop/Titanium/test/Resources/ui/Featured.js => /Users/administrator/Desktop/Titanium/test/build/android/bin/assets/Resources/ui/Featured.js
[TRACE] COPYING CREATED FILE: /Users/administrator/Desktop/Titanium/test/Resources/ui/header.js => /Users/administrator/Desktop/Titanium/test/build/android/bin/assets/Resources/ui/header.js
[TRACE] COPYING CREATED FILE: /Users/administrator/Desktop/Titanium/test/Resources/ui/HomeWindow.js => /Users/administrator/Desktop/Titanium/test/build/android/bin/assets/Resources/ui/HomeWindow.js
[TRACE] COPYING CREATED FILE: /Users/administrator/Desktop/Titanium/test/Resources/ui/Indicator.js => /Users/administrator/Desktop/Titanium/test/build/android/bin/assets/Resources/ui/Indicator.js
[TRACE] COPYING CREATED FILE: /Users/administrator/Desktop/Titanium/test/Resources/ui/InfoWindow.js => /Users/administrator/Desktop/Titanium/test/build/android/bin/assets/Resources/ui/InfoWindow.js
[TRACE] COPYING CREATED FILE: /Users/administrator/Desktop/Titanium/test/Resources/ui/locations.js => /Users/administrator/Desktop/Titanium/test/build/android/bin/assets/Resources/ui/locations.js
[TRACE] COPYING CREATED FILE: /Users/administrator/Desktop/Titanium/test/Resources/ui/mainmenu.js => /Users/administrator/Desktop/Titanium/test/build/android/bin/assets/Resources/ui/mainmenu.js
[TRACE] COPYING CREATED FILE: /Users/administrator/Desktop/Titanium/test/Resources/ui/OrderOnline.js => /Users/administrator/Desktop/Titanium/test/build/android/bin/assets/Resources/ui/OrderOnline.js
[TRACE] COPYING CREATED FILE: /Users/administrator/Desktop/Titanium/test/Resources/ui/ProductDetailWindow.js => /Users/administrator/Desktop/Titanium/test/build/android/bin/assets/Resources/ui/ProductDetailWindow.js
[TRACE] COPYING CREATED FILE: /Users/administrator/Desktop/Titanium/test/Resources/ui/ProductsListWindow.js => /Users/administrator/Desktop/Titanium/test/build/android/bin/assets/Resources/ui/ProductsListWindow.js
[TRACE] COPYING CREATED FILE: /Users/administrator/Desktop/Titanium/test/Resources/ui/simple.js => /Users/administrator/Desktop/Titanium/test/build/android/bin/assets/Resources/ui/simple.js
[TRACE] COPYING CREATED FILE: /Users/administrator/Desktop/Titanium/test/Resources/ui/Spotlight.js => /Users/administrator/Desktop/Titanium/test/build/android/bin/assets/Resources/ui/Spotlight.js
[TRACE] COPYING CREATED FILE: /Users/administrator/Desktop/Titanium/test/Resources/ui/WebView.js => /Users/administrator/Desktop/Titanium/test/build/android/bin/assets/Resources/ui/WebView.js
[DEBUG] LiveView not enabled
[TRACE] Generating Java Classes
[DEBUG] Processing Android resource drawables
[DEBUG] app stylesheet => /Users/administrator/Desktop/Titanium/test/build/android/gen/testapp/wayne/com/ApplicationStylesheet.java
[DEBUG] copying app icon: /Users/administrator/Desktop/Titanium/test/build/android/bin/assets/Resources/appicon.png
[DEBUG] generating theme.xml
[DEBUG] found drawable-long-land-hdpi splash screen at /Users/administrator/Desktop/Titanium/test/Resources/android/images/res-long-land-hdpi/default.png
[DEBUG] copying /Users/administrator/Desktop/Titanium/test/Resources/android/images/res-long-land-hdpi/default.png splash screen to /Users/administrator/Desktop/Titanium/test/build/android/res/drawable-long-land-hdpi/background.png
[DEBUG] found drawable-long-land-ldpi splash screen at /Users/administrator/Desktop/Titanium/test/Resources/android/images/res-long-land-ldpi/default.png
[DEBUG] copying /Users/administrator/Desktop/Titanium/test/Resources/android/images/res-long-land-ldpi/default.png splash screen to /Users/administrator/Desktop/Titanium/test/build/android/res/drawable-long-land-ldpi/background.png
[DEBUG] found drawable-long-port-hdpi splash screen at /Users/administrator/Desktop/Titanium/test/Resources/android/images/res-long-port-hdpi/default.png
[DEBUG] copying /Users/administrator/Desktop/Titanium/test/Resources/android/images/res-long-port-hdpi/default.png splash screen to /Users/administrator/Desktop/Titanium/test/build/android/res/drawable-long-port-hdpi/background.png
[DEBUG] found drawable-long-port-ldpi splash screen at /Users/administrator/Desktop/Titanium/test/Resources/android/images/res-long-port-ldpi/default.png
[DEBUG] copying /Users/administrator/Desktop/Titanium/test/Resources/android/images/res-long-port-ldpi/default.png splash screen to /Users/administrator/Desktop/Titanium/test/build/android/res/drawable-long-port-ldpi/background.png
[DEBUG] found drawable-notlong-land-hdpi splash screen at /Users/administrator/Desktop/Titanium/test/Resources/android/images/res-notlong-land-hdpi/default.png
[DEBUG] copying /Users/administrator/Desktop/Titanium/test/Resources/android/images/res-notlong-land-hdpi/default.png splash screen to /Users/administrator/Desktop/Titanium/test/build/android/res/drawable-notlong-land-hdpi/background.png
[DEBUG] found drawable-notlong-land-ldpi splash screen at /Users/administrator/Desktop/Titanium/test/Resources/android/images/res-notlong-land-ldpi/default.png
[DEBUG] copying /Users/administrator/Desktop/Titanium/test/Resources/android/images/res-notlong-land-ldpi/default.png splash screen to /Users/administrator/Desktop/Titanium/test/build/android/res/drawable-notlong-land-ldpi/background.png
[DEBUG] found drawable-notlong-land-mdpi splash screen at /Users/administrator/Desktop/Titanium/test/Resources/android/images/res-notlong-land-mdpi/default.png
[DEBUG] copying /Users/administrator/Desktop/Titanium/test/Resources/android/images/res-notlong-land-mdpi/default.png splash screen to /Users/administrator/Desktop/Titanium/test/build/android/res/drawable-notlong-land-mdpi/background.png
[DEBUG] found drawable-notlong-port-hdpi splash screen at /Users/administrator/Desktop/Titanium/test/Resources/android/images/res-notlong-port-hdpi/default.png
[DEBUG] copying /Users/administrator/Desktop/Titanium/test/Resources/android/images/res-notlong-port-hdpi/default.png splash screen to /Users/administrator/Desktop/Titanium/test/build/android/res/drawable-notlong-port-hdpi/background.png
[DEBUG] found drawable-notlong-port-ldpi splash screen at /Users/administrator/Desktop/Titanium/test/Resources/android/images/res-notlong-port-ldpi/default.png
[DEBUG] copying /Users/administrator/Desktop/Titanium/test/Resources/android/images/res-notlong-port-ldpi/default.png splash screen to /Users/administrator/Desktop/Titanium/test/build/android/res/drawable-notlong-port-ldpi/background.png
[DEBUG] found drawable-notlong-port-mdpi splash screen at /Users/administrator/Desktop/Titanium/test/Resources/android/images/res-notlong-port-mdpi/default.png
[DEBUG] copying /Users/administrator/Desktop/Titanium/test/Resources/android/images/res-notlong-port-mdpi/default.png splash screen to /Users/administrator/Desktop/Titanium/test/build/android/res/drawable-notlong-port-mdpi/background.png
[DEBUG] found splash screen at /Users/administrator/Desktop/Titanium/test/build/android/bin/assets/Resources/default.png
[TRACE] Writing out AndroidManifest.xml
[DEBUG] adding /Users/administrator/Desktop/Titanium/test/build/android/gen/testapp/wayne/com/ApplicationStylesheet.java to javac build list
[DEBUG] adding /Users/administrator/Desktop/Titanium/test/build/android/gen/testapp/wayne/com/Manifest.java to javac build list
[DEBUG] adding /Users/administrator/Desktop/Titanium/test/build/android/gen/testapp/wayne/com/R.java to javac build list
[DEBUG] adding /Users/administrator/Desktop/Titanium/test/build/android/gen/testapp/wayne/com/ZippySActivity.java to javac build list
[DEBUG] adding /Users/administrator/Desktop/Titanium/test/build/android/gen/testapp/wayne/com/ZippySAppInfo.java to javac build list
[DEBUG] adding /Users/administrator/Desktop/Titanium/test/build/android/gen/testapp/wayne/com/ZippySApplication.java to javac build list
[DEBUG] Building Java Sources: "/Users/administrator/Desktop/Titanium/test/build/android/gen/testapp/wayne/com/ApplicationStylesheet.java" "/Users/administrator/Desktop/Titanium/test/build/android/gen/testapp/wayne/com/Manifest.java" "/Users/administrator/Desktop/Titanium/test/build/android/gen/testapp/wayne/com/R.java" "/Users/administrator/Desktop/Titanium/test/build/android/gen/testapp/wayne/com/ZippySActivity.java" "/Users/administrator/Desktop/Titanium/test/build/android/gen/testapp/wayne/com/ZippySAppInfo.java" "/Users/administrator/Desktop/Titanium/test/build/android/gen/testapp/wayne/com/ZippySApplication.java"
[INFO] Compiling Android Resources... This could take some time
[DEBUG] Android classes.dex built
[DEBUG] creating unsigned apk: /Users/administrator/Desktop/Titanium/test/build/android/bin/app-unsigned.apk
[DEBUG] from resource zip => assets/Resources/core/CartManager.js
[DEBUG] from resource zip => assets/Resources/core/ProcessOrder.js
[DEBUG] from resource zip => assets/Resources/core/ProductManager.js
[DEBUG] from resource zip => assets/Resources/core/Util.js
[DEBUG] from resource zip => assets/Resources/core/date.js
[DEBUG] from resource zip => assets/Resources/core/globals.js
[DEBUG] from resource zip => assets/Resources/core/moment.js
[DEBUG] from resource zip => assets/Resources/data/Config.js
[DEBUG] from resource zip => assets/Resources/data/SampleProducts.js
[DEBUG] from resource zip => assets/Resources/data/Zippys
[DEBUG] from resource zip => assets/Resources/data/acs.js
[DEBUG] from resource zip => assets/Resources/data/database.js
[DEBUG] from resource zip => assets/Resources/images/back_button.png
[DEBUG] from resource zip => assets/Resources/images/dailyspecials_down.png
[DEBUG] from resource zip => assets/Resources/images/dailyspecials_up.png
[DEBUG] from resource zip => assets/Resources/images/featured_down.png
[DEBUG] from resource zip => assets/Resources/images/featured_up.png
[DEBUG] from resource zip => assets/Resources/images/feedback_down.png
[DEBUG] from resource zip => assets/Resources/images/feedback_up.png
[DEBUG] from resource zip => assets/Resources/images/header_bg.png
[DEBUG] from resource zip => assets/Resources/images/header_logo.png
[DEBUG] from resource zip => assets/Resources/images/header_zippys.png
[DEBUG] from resource zip => assets/Resources/images/locations_down.png
[DEBUG] from resource zip => assets/Resources/images/locations_up.png
[DEBUG] from resource zip => assets/Resources/images/menu_logo.png
[DEBUG] from resource zip => assets/Resources/images/orderonline_down.png
[DEBUG] from resource zip => assets/Resources/images/orderonline_up.png
[DEBUG] from resource zip => assets/Resources/images/socialmedia_down.png
[DEBUG] from resource zip => assets/Resources/images/socialmedia_up.png
[DEBUG] from resource zip => assets/Resources/images/zippysback.png
[DEBUG] from resource zip => assets/Resources/images/zippysback_bg.jpg
[DEBUG] from resource zip => assets/Resources/images/zippysmenu.png
[DEBUG] from resource zip => assets/Resources/ui/CartWindow.js
[DEBUG] from resource zip => assets/Resources/ui/CheckoutModal.js
[DEBUG] from resource zip => assets/Resources/ui/Featured.js
[DEBUG] from resource zip => assets/Resources/ui/HomeWindow.js
[DEBUG] from resource zip => assets/Resources/ui/Indicator.js
[DEBUG] from resource zip => assets/Resources/ui/InfoWindow.js
[DEBUG] from resource zip => assets/Resources/ui/OrderOnline.js
[DEBUG] from resource zip => assets/Resources/ui/ProductDetailWindow.js
[DEBUG] from resource zip => assets/Resources/ui/ProductOptionsWindow.js
[DEBUG] from resource zip => assets/Resources/ui/ProductsListWindow.js
[DEBUG] from resource zip => assets/Resources/ui/Spotlight.js
[DEBUG] from resource zip => assets/Resources/ui/WebView.js
[DEBUG] from resource zip => assets/Resources/ui/dailyspecials.js
[DEBUG] from resource zip => assets/Resources/ui/header.js
[DEBUG] from resource zip => assets/Resources/ui/locations.js
[DEBUG] from resource zip => assets/Resources/ui/mainmenu.js
[DEBUG] from resource zip => assets/Resources/ui/mapview.js
[DEBUG] from resource zip => assets/Resources/ui/simple.js
[DEBUG] from resource zip => assets/Resources/KS_nav_ui.png
[DEBUG] from resource zip => assets/Resources/KS_nav_views.png
[DEBUG] from resource zip => assets/Resources/app.js
[DEBUG] from resource zip => assets/Resources/appicon.png
[DEBUG] from resource zip => assets/Resources/default.png
[DEBUG] from resource zip => assets/Resources/ti.cloud.js
[DEBUG] from resource zip => assets/app.json
[DEBUG] from resource zip => assets/index.json
[DEBUG] from resource zip => assets/tiapp.xml
[DEBUG] from resource zip => res/drawable/appicon.png
[DEBUG] from resource zip => res/drawable/background.png
[DEBUG] from resource zip => res/drawable/btn_check_buttonless_on_64.png
[DEBUG] from resource zip => res/drawable/btn_more_64.png
[DEBUG] from resource zip => res/drawable/disclosure_64.png
[DEBUG] from resource zip => res/layout/titanium_tabgroup.xml
[DEBUG] from resource zip => res/layout/titanium_ui_list_header_or_footer.xml
[DEBUG] from resource zip => res/layout/titanium_ui_list_item.xml
[DEBUG] from resource zip => AndroidManifest.xml
[DEBUG] from resource zip => resources.arsc
[DEBUG] from resource zip => res/drawable-long-land-hdpi/background.png
[DEBUG] from resource zip => res/drawable-long-land-ldpi/background.png
[DEBUG] from resource zip => res/drawable-long-port-hdpi/background.png
[DEBUG] from resource zip => res/drawable-long-port-ldpi/background.png
[DEBUG] from resource zip => res/drawable-notlong-land-hdpi/background.png
[DEBUG] from resource zip => res/drawable-notlong-land-ldpi/background.png
[DEBUG] from resource zip => res/drawable-notlong-land-mdpi/background.png
[DEBUG] from resource zip => res/drawable-notlong-port-hdpi/background.png
[DEBUG] from resource zip => res/drawable-notlong-port-ldpi/background.png
[DEBUG] from resource zip => res/drawable-notlong-port-mdpi/background.png
[DEBUG] from JAR /Users/administrator/Library/Application Support/Titanium/modules/android/ti.paypal/2.2.2/lib/PayPal_MPL.jar => com/paypal/android/utils/data/data.bin
[DEBUG] from JAR /Users/administrator/Library/Application Support/Titanium/modules/android/ti.paypal/2.2.2/lib/PayPal_MPL.jar => com/paypal/android/utils/data/locale.bin
[DEBUG] from JAR /Users/administrator/Library/Application Support/Titanium/mobilesdk/osx/3.1.1.v20130615160957/android/thirdparty.jar => org/apache/Commons-NOTICE.txt
[DEBUG] from JAR /Users/administrator/Library/Application Support/Titanium/mobilesdk/osx/3.1.1.v20130615160957/android/thirdparty.jar => org/apache/HttpComponents-NOTICE.txt
[DEBUG] from JAR /Users/administrator/Library/Application Support/Titanium/mobilesdk/osx/3.1.1.v20130615160957/android/thirdparty.jar => org/apache/mime4j-NOTICE.txt
[DEBUG] from JAR /Users/administrator/Library/Application Support/Titanium/mobilesdk/osx/3.1.1.v20130615160957/android/titanium.jar => org/appcelerator/titanium/build.properties
[DEBUG] from JAR /Users/administrator/Library/Application Support/Titanium/mobilesdk/osx/3.1.1.v20130615160957/android/titanium.jar => org/appcelerator/titanium/res/drawable/background.png
[DEBUG] from JAR /Users/administrator/Library/Application Support/Titanium/mobilesdk/osx/3.1.1.v20130615160957/android/titanium.jar => org/appcelerator/titanium/res/drawable/btn_check_buttonless_on.png
[DEBUG] from JAR /Users/administrator/Library/Application Support/Titanium/mobilesdk/osx/3.1.1.v20130615160957/android/titanium.jar => org/appcelerator/titanium/res/drawable/btn_check_buttonless_on_18.png
[DEBUG] from JAR /Users/administrator/Library/Application Support/Titanium/mobilesdk/osx/3.1.1.v20130615160957/android/titanium.jar => org/appcelerator/titanium/res/drawable/btn_check_buttonless_on_48.png
[DEBUG] from JAR /Users/administrator/Library/Application Support/Titanium/mobilesdk/osx/3.1.1.v20130615160957/android/titanium.jar => org/appcelerator/titanium/res/drawable/btn_check_buttonless_on_64.png
[DEBUG] from JAR /Users/administrator/Library/Application Support/Titanium/mobilesdk/osx/3.1.1.v20130615160957/android/titanium.jar => org/appcelerator/titanium/res/drawable/btn_more.png
[DEBUG] from JAR /Users/administrator/Library/Application Support/Titanium/mobilesdk/osx/3.1.1.v20130615160957/android/titanium.jar => org/appcelerator/titanium/res/drawable/btn_more_18.png
[DEBUG] from JAR /Users/administrator/Library/Application Support/Titanium/mobilesdk/osx/3.1.1.v20130615160957/android/titanium.jar => org/appcelerator/titanium/res/drawable/btn_more_48.png
[DEBUG] from JAR /Users/administrator/Library/Application Support/Titanium/mobilesdk/osx/3.1.1.v20130615160957/android/titanium.jar => org/appcelerator/titanium/res/drawable/btn_more_64.png
[DEBUG] from JAR /Users/administrator/Library/Application Support/Titanium/mobilesdk/osx/3.1.1.v20130615160957/android/titanium.jar => org/appcelerator/titanium/res/drawable/btn_picker_normal.9.png
[DEBUG] from JAR /Users/administrator/Library/Application Support/Titanium/mobilesdk/osx/3.1.1.v20130615160957/android/titanium.jar => org/appcelerator/titanium/res/drawable/btn_picker_pressed.9.png
[DEBUG] from JAR /Users/administrator/Library/Application Support/Titanium/mobilesdk/osx/3.1.1.v20130615160957/android/titanium.jar => org/appcelerator/titanium/res/drawable/btn_picker_selected.9.png
[DEBUG] from JAR /Users/administrator/Library/Application Support/Titanium/mobilesdk/osx/3.1.1.v20130615160957/android/titanium.jar => org/appcelerator/titanium/res/drawable/default_icon.png
[DEBUG] from JAR /Users/administrator/Library/Application Support/Titanium/mobilesdk/osx/3.1.1.v20130615160957/android/titanium.jar => org/appcelerator/titanium/res/drawable/photoDefault.png
[DEBUG] from JAR /Users/administrator/Library/Application Support/Titanium/mobilesdk/osx/3.1.1.v20130615160957/android/modules/titanium-ui.jar => ti/modules/titanium/ui/widget/webview/binding.js
[DEBUG] from JAR /Users/administrator/Library/Application Support/Titanium/mobilesdk/osx/3.1.1.v20130615160957/android/modules/titanium-ui.jar => ti/modules/titanium/ui/widget/webview/binding.min.js
[DEBUG] from JAR /Users/administrator/Library/Application Support/Titanium/mobilesdk/osx/3.1.1.v20130615160957/android/modules/titanium-ui.jar => ti/modules/titanium/ui/widget/webview/json2.js
[DEBUG] from JAR /Users/administrator/Library/Application Support/Titanium/mobilesdk/osx/3.1.1.v20130615160957/android/modules/titanium-ui.jar => ti/modules/titanium/ui/widget/webview/polling.js
[DEBUG] from JAR /Users/administrator/Library/Application Support/Titanium/mobilesdk/osx/3.1.1.v20130615160957/android/modules/titanium-ui.jar => ti/modules/titanium/ui/widget/webview/polling.min.js
[DEBUG] installing native lib: /Users/administrator/Library/Application Support/Titanium/modules/android/ti.paypal/2.2.2/libs/armeabi/libti.paypal.so
[DEBUG] installing native lib: /Users/administrator/Library/Application Support/Titanium/modules/android/ti.paypal/2.2.2/libs/armeabi-v7a/libti.paypal.so
[DEBUG] installing native lib: /Users/administrator/Library/Application Support/Titanium/modules/android/ti.paypal/2.2.2/libs/x86/libti.paypal.so
[DEBUG] installing native lib: /Users/administrator/Library/Application Support/Titanium/modules/android/ti.inappbilling/2.2.0/libs/armeabi/libti.inappbilling.so
[DEBUG] installing native lib: /Users/administrator/Library/Application Support/Titanium/modules/android/ti.inappbilling/2.2.0/libs/armeabi-v7a/libti.inappbilling.so
[DEBUG] installing native lib: /Users/administrator/Library/Application Support/Titanium/modules/android/ti.cloudpush/2.1.0/libs/armeabi/libti.cloudpush.so
[DEBUG] installing native lib: /Users/administrator/Library/Application Support/Titanium/modules/android/ti.cloudpush/2.1.0/libs/armeabi-v7a/libti.cloudpush.so
[DEBUG] installing native lib: /Users/administrator/Library/Application Support/Titanium/modules/android/ti.map/2.1.2/libs/armeabi/libti.map.so
[DEBUG] installing native lib: /Users/administrator/Library/Application Support/Titanium/modules/android/ti.map/2.1.2/libs/armeabi-v7a/libti.map.so
[DEBUG] installing native lib: /Users/administrator/Library/Application Support/Titanium/modules/android/ti.map/2.1.2/libs/x86/libti.map.so
[DEBUG] installing native SDK libs
[DEBUG] Waiting for device to be ready ...
[TRACE] adb devices returned 2 devices/emulators
[DEBUG] Device connected... (waited 0 seconds)
[DEBUG] waited 0.015919 seconds on emulator to get ready
[INFO] Installing application on device
[INFO] Application installed. Launch from drawer on Home Screen
